{"E:\\MovieDB\\Moviedb\\src\\Store\\sun.js": {"path":"E:\\MovieDB\\Moviedb\\src\\Store\\sun.js","statementMap":{"0":{"start":{"line":1,"column":11},"end":{"line":3,"column":1}},"1":{"start":{"line":2,"column":4},"end":{"line":2,"column":15}}},"fnMap":{"0":{"name":"(anonymous_0)","decl":{"start":{"line":1,"column":11},"end":{"line":1,"column":12}},"loc":{"start":{"line":1,"column":18},"end":{"line":3,"column":1}},"line":1}},"branchMap":{},"s":{"0":1,"1":1},"f":{"0":1},"b":{},"_coverageSchema":"1a1c01bbd47fc00a2c39e90264f33305004495a9","hash":"dd0562482c7ddd5bdba9187cfb8beac5ace80c53"}
}
